# JRE version: OpenJDK Runtime Environment (8.0_112-b06) (build 1.8.0_112-release-b06)
# Java VM: OpenJDK 64-Bit Server VM (25.112-b06 mixed mode linux-amd64 compressed oops)
Heap:
 PSYoungGen      total 440832K, used 0K [0x00000000e0000000, 0x0000000100000000, 0x0000000100000000)
  eden space 392192K, 0% used [0x00000000e0000000,0x00000000e0000000,0x00000000f7f00000)
  from space 48640K, 0% used [0x00000000fd080000,0x00000000fd080000,0x0000000100000000)
  to   space 66048K, 0% used [0x00000000f7f00000,0x00000000f7f00000,0x00000000fbf80000)
 ParOldGen       total 115200K, used 111560K [0x00000000a0000000, 0x00000000a7080000, 0x00000000e0000000)
  object space 115200K, 96% used [0x00000000a0000000,0x00000000a6cf2148,0x00000000a7080000)
 Metaspace       used 59195K, capacity 60644K, committed 60800K, reserved 1101824K
  class space    used 7602K, capacity 7958K, committed 8064K, reserved 1048576K
GC Heap History (10 events):
Event: 20.012 GC heap after
Heap after GC invocations=18 (full 3):
 PSYoungGen      total 327168K, used 24572K [0x00000000e0000000, 0x00000000fe780000, 0x0000000100000000)
  eden space 302592K, 0% used [0x00000000e0000000,0x00000000e0000000,0x00000000f2780000)
  from space 24576K, 99% used [0x00000000f2780000,0x00000000f3f7f390,0x00000000f3f80000)
  to   space 34304K, 0% used [0x00000000fc600000,0x00000000fc600000,0x00000000fe780000)
 ParOldGen       total 79360K, used 67431K [0x00000000a0000000, 0x00000000a4d80000, 0x00000000e0000000)
  object space 79360K, 84% used [0x00000000a0000000,0x00000000a41d9d00,0x00000000a4d80000)
 Metaspace       used 58725K, capacity 60132K, committed 60288K, reserved 1101824K
  class space    used 7601K, capacity 7958K, committed 8064K, reserved 1048576K
}
Event: 20.012 GC heap before
{Heap before GC invocations=19 (full 4):
 PSYoungGen      total 327168K, used 24572K [0x00000000e0000000, 0x00000000fe780000, 0x0000000100000000)
  eden space 302592K, 0% used [0x00000000e0000000,0x00000000e0000000,0x00000000f2780000)
  from space 24576K, 99% used [0x00000000f2780000,0x00000000f3f7f390,0x00000000f3f80000)
  to   space 34304K, 0% used [0x00000000fc600000,0x00000000fc600000,0x00000000fe780000)
 ParOldGen       total 79360K, used 67431K [0x00000000a0000000, 0x00000000a4d80000, 0x00000000e0000000)
  object space 79360K, 84% used [0x00000000a0000000,0x00000000a41d9d00,0x00000000a4d80000)
 Metaspace       used 58725K, capacity 60132K, committed 60288K, reserved 1101824K
  class space    used 7601K, capacity 7958K, committed 8064K, reserved 1048576K
Event: 20.210 GC heap after
Heap after GC invocations=19 (full 4):
 PSYoungGen      total 327168K, used 0K [0x00000000e0000000, 0x00000000fe780000, 0x0000000100000000)
  eden space 302592K, 0% used [0x00000000e0000000,0x00000000e0000000,0x00000000f2780000)
  from space 24576K, 0% used [0x00000000f2780000,0x00000000f2780000,0x00000000f3f80000)
  to   space 34304K, 0% used [0x00000000fc600000,0x00000000fc600000,0x00000000fe780000)
 ParOldGen       total 115200K, used 63871K [0x00000000a0000000, 0x00000000a7080000, 0x00000000e0000000)
  object space 115200K, 55% used [0x00000000a0000000,0x00000000a3e5fc00,0x00000000a7080000)
 Metaspace       used 58725K, capacity 60132K, committed 60288K, reserved 1101824K
  class space    used 7601K, capacity 7958K, committed 8064K, reserved 1048576K
}
Event: 21.051 GC heap before
{Heap before GC invocations=20 (full 4):
 PSYoungGen      total 327168K, used 302592K [0x00000000e0000000, 0x00000000fe780000, 0x0000000100000000)
  eden space 302592K, 100% used [0x00000000e0000000,0x00000000f2780000,0x00000000f2780000)
  from space 24576K, 0% used [0x00000000f2780000,0x00000000f2780000,0x00000000f3f80000)
  to   space 34304K, 0% used [0x00000000fc600000,0x00000000fc600000,0x00000000fe780000)
 ParOldGen       total 115200K, used 63871K [0x00000000a0000000, 0x00000000a7080000, 0x00000000e0000000)
  object space 115200K, 55% used [0x00000000a0000000,0x00000000a3e5fc00,0x00000000a7080000)
 Metaspace       used 58802K, capacity 60196K, committed 60544K, reserved 1101824K
  class space    used 7601K, capacity 7958K, committed 8064K, reserved 1048576K
Event: 21.121 GC heap after
Heap after GC invocations=20 (full 4):
 PSYoungGen      total 456192K, used 34276K [0x00000000e0000000, 0x00000000fef00000, 0x0000000100000000)
  eden space 421888K, 0% used [0x00000000e0000000,0x00000000e0000000,0x00000000f9c00000)
  from space 34304K, 99% used [0x00000000fc600000,0x00000000fe779358,0x00000000fe780000)
  to   space 42496K, 0% used [0x00000000f9c00000,0x00000000f9c00000,0x00000000fc580000)
 ParOldGen       total 115200K, used 69585K [0x00000000a0000000, 0x00000000a7080000, 0x00000000e0000000)
  object space 115200K, 60% used [0x00000000a0000000,0x00000000a43f4710,0x00000000a7080000)
 Metaspace       used 58802K, capacity 60196K, committed 60544K, reserved 1101824K
  class space    used 7601K, capacity 7958K, committed 8064K, reserved 1048576K
}
Event: 24.745 GC heap before
{Heap before GC invocations=21 (full 4):
 PSYoungGen      total 456192K, used 456164K [0x00000000e0000000, 0x00000000fef00000, 0x0000000100000000)
  eden space 421888K, 100% used [0x00000000e0000000,0x00000000f9c00000,0x00000000f9c00000)
  from space 34304K, 99% used [0x00000000fc600000,0x00000000fe779358,0x00000000fe780000)
  to   space 42496K, 0% used [0x00000000f9c00000,0x00000000f9c00000,0x00000000fc580000)
 ParOldGen       total 115200K, used 69585K [0x00000000a0000000, 0x00000000a7080000, 0x00000000e0000000)
  object space 115200K, 60% used [0x00000000a0000000,0x00000000a43f4710,0x00000000a7080000)
 Metaspace       used 59065K, capacity 60516K, committed 60800K, reserved 1101824K
  class space    used 7602K, capacity 7958K, committed 8064K, reserved 1048576K
Event: 26.246 GC heap after
Heap after GC invocations=21 (full 4):
 PSYoungGen      total 464384K, used 39278K [0x00000000e0000000, 0x0000000100000000, 0x0000000100000000)
  eden space 421888K, 0% used [0x00000000e0000000,0x00000000e0000000,0x00000000f9c00000)
  from space 42496K, 92% used [0x00000000f9c00000,0x00000000fc25bbd8,0x00000000fc580000)
  to   space 48640K, 0% used [0x00000000fd080000,0x00000000fd080000,0x0000000100000000)
 ParOldGen       total 115200K, used 87109K [0x00000000a0000000, 0x00000000a7080000, 0x00000000e0000000)
  object space 115200K, 75% used [0x00000000a0000000,0x00000000a5511458,0x00000000a7080000)
 Metaspace       used 59065K, capacity 60516K, committed 60800K, reserved 1101824K
  class space    used 7602K, capacity 7958K, committed 8064K, reserved 1048576K
}
Event: 28.809 GC heap before
{Heap before GC invocations=22 (full 4):
 PSYoungGen      total 464384K, used 461166K [0x00000000e0000000, 0x0000000100000000, 0x0000000100000000)
  eden space 421888K, 100% used [0x00000000e0000000,0x00000000f9c00000,0x00000000f9c00000)
  from space 42496K, 92% used [0x00000000f9c00000,0x00000000fc25bbd8,0x00000000fc580000)
  to   space 48640K, 0% used [0x00000000fd080000,0x00000000fd080000,0x0000000100000000)
 ParOldGen       total 115200K, used 87109K [0x00000000a0000000, 0x00000000a7080000, 0x00000000e0000000)
  object space 115200K, 75% used [0x00000000a0000000,0x00000000a5511458,0x00000000a7080000)
 Metaspace       used 59195K, capacity 60644K, committed 60800K, reserved 1101824K
  class space    used 7602K, capacity 7958K, committed 8064K, reserved 1048576K
Event: 29.233 GC heap after
Heap after GC invocations=22 (full 4):
 PSYoungGen      total 440832K, used 48635K [0x00000000e0000000, 0x0000000100000000, 0x0000000100000000)
  eden space 392192K, 0% used [0x00000000e0000000,0x00000000e0000000,0x00000000f7f00000)
  from space 48640K, 99% used [0x00000000fd080000,0x00000000ffffee98,0x0000000100000000)
  to   space 66048K, 0% used [0x00000000f7f00000,0x00000000f7f00000,0x00000000fbf80000)
 ParOldGen       total 115200K, used 112176K [0x00000000a0000000, 0x00000000a7080000, 0x00000000e0000000)
  object space 115200K, 97% used [0x00000000a0000000,0x00000000a6d8c048,0x00000000a7080000)
 Metaspace       used 59195K, capacity 60644K, committed 60800K, reserved 1101824K
  class space    used 7602K, capacity 7958K, committed 8064K, reserved 1048576K
}
Event: 29.278 GC heap before
{Heap before GC invocations=23 (full 5):
 PSYoungGen      total 440832K, used 48635K [0x00000000e0000000, 0x0000000100000000, 0x0000000100000000)
  eden space 392192K, 0% used [0x00000000e0000000,0x00000000e0000000,0x00000000f7f00000)
  from space 48640K, 99% used [0x00000000fd080000,0x00000000ffffee98,0x0000000100000000)
  to   space 66048K, 0% used [0x00000000f7f00000,0x00000000f7f00000,0x00000000fbf80000)
 ParOldGen       total 115200K, used 112176K [0x00000000a0000000, 0x00000000a7080000, 0x00000000e0000000)
  object space 115200K, 97% used [0x00000000a0000000,0x00000000a6d8c048,0x00000000a7080000)
 Metaspace       used 59195K, capacity 60644K, committed 60800K, reserved 1101824K
  class space    used 7602K, capacity 7958K, committed 8064K, reserved 1048576K

